# JRE version: Java(TM) SE Runtime Environment (17.0.2+8) (build 17.0.2+8-LTS-86)
# Java VM: Java HotSpot(TM) 64-Bit Server VM (17.0.2+8-LTS-86, mixed mode, sharing, tiered, compressed oops, compressed class ptrs, g1 gc, windows-amd64)
GC Precious Log:
 CPUs: 2 total, 2 available
 Memory: 4095M
 Large Page Support: Disabled
 NUMA Support: Disabled
 Compressed Oops: Enabled (32-bit)
 Heap Region Size: 1M
 Heap Min Capacity: 8M
 Heap Initial Capacity: 64M
 Heap Max Capacity: 1G
 Pre-touch: Disabled
 Parallel Workers: 2
 Concurrent Workers: 1
 Concurrent Refinement Workers: 2
 Periodic GC: Disabled
Heap:
 garbage-first heap   total 119808K, used 56439K [0x00000000c0000000, 0x0000000100000000)
  region size 1024K, 1 young (1024K), 1 survivors (1024K)
 Metaspace       used 22434K, committed 22592K, reserved 1073152K
  class space    used 2527K, committed 2624K, reserved 1048576K
GC Heap History (20 events):
Event: 2.429 GC heap after
{Heap after GC invocations=6 (full 0):
 garbage-first heap   total 79872K, used 28160K [0x00000000c0000000, 0x0000000100000000)
  region size 1024K, 1 young (1024K), 1 survivors (1024K)
 Metaspace       used 11425K, committed 11584K, reserved 1064960K
  class space    used 1212K, committed 1280K, reserved 1048576K
}
Event: 2.956 GC heap before
{Heap before GC invocations=6 (full 0):
 garbage-first heap   total 79872K, used 46592K [0x00000000c0000000, 0x0000000100000000)
  region size 1024K, 19 young (19456K), 1 survivors (1024K)
 Metaspace       used 13936K, committed 14144K, reserved 1064960K
  class space    used 1520K, committed 1600K, reserved 1048576K
}
Event: 2.963 GC heap after
{Heap after GC invocations=7 (full 0):
 garbage-first heap   total 79872K, used 29485K [0x00000000c0000000, 0x0000000100000000)
  region size 1024K, 3 young (3072K), 3 survivors (3072K)
 Metaspace       used 13936K, committed 14144K, reserved 1064960K
  class space    used 1520K, committed 1600K, reserved 1048576K
}
Event: 4.695 GC heap before
{Heap before GC invocations=7 (full 0):
 garbage-first heap   total 79872K, used 49965K [0x00000000c0000000, 0x0000000100000000)
  region size 1024K, 23 young (23552K), 3 survivors (3072K)
 Metaspace       used 16938K, committed 17152K, reserved 1064960K
  class space    used 1885K, committed 1984K, reserved 1048576K
}
Event: 4.702 GC heap after
{Heap after GC invocations=8 (full 0):
 garbage-first heap   total 79872K, used 30621K [0x00000000c0000000, 0x0000000100000000)
  region size 1024K, 3 young (3072K), 3 survivors (3072K)
 Metaspace       used 16938K, committed 17152K, reserved 1064960K
  class space    used 1885K, committed 1984K, reserved 1048576K
}
Event: 5.870 GC heap before
{Heap before GC invocations=8 (full 0):
 garbage-first heap   total 79872K, used 56221K [0x00000000c0000000, 0x0000000100000000)
  region size 1024K, 25 young (25600K), 3 survivors (3072K)
 Metaspace       used 18400K, committed 18624K, reserved 1073152K
  class space    used 2063K, committed 2176K, reserved 1048576K
}
Event: 5.879 GC heap after
{Heap after GC invocations=9 (full 0):
 garbage-first heap   total 79872K, used 33029K [0x00000000c0000000, 0x0000000100000000)
  region size 1024K, 4 young (4096K), 4 survivors (4096K)
 Metaspace       used 18400K, committed 18624K, reserved 1073152K
  class space    used 2063K, committed 2176K, reserved 1048576K
}
Event: 6.427 GC heap before
{Heap before GC invocations=9 (full 0):
 garbage-first heap   total 79872K, used 55557K [0x00000000c0000000, 0x0000000100000000)
  region size 1024K, 26 young (26624K), 4 survivors (4096K)
 Metaspace       used 20301K, committed 20544K, reserved 1073152K
  class space    used 2330K, committed 2432K, reserved 1048576K
}
Event: 6.447 GC heap after
{Heap after GC invocations=10 (full 0):
 garbage-first heap   total 79872K, used 32995K [0x00000000c0000000, 0x0000000100000000)
  region size 1024K, 2 young (2048K), 2 survivors (2048K)
 Metaspace       used 20301K, committed 20544K, reserved 1073152K
  class space    used 2330K, committed 2432K, reserved 1048576K
}
Event: 6.948 GC heap before
{Heap before GC invocations=10 (full 0):
 garbage-first heap   total 79872K, used 50403K [0x00000000c0000000, 0x0000000100000000)
  region size 1024K, 20 young (20480K), 2 survivors (2048K)
 Metaspace       used 21289K, committed 21504K, reserved 1073152K
  class space    used 2430K, committed 2560K, reserved 1048576K
}
Event: 6.958 GC heap after
{Heap after GC invocations=11 (full 0):
 garbage-first heap   total 145408K, used 35447K [0x00000000c0000000, 0x0000000100000000)
  region size 1024K, 4 young (4096K), 4 survivors (4096K)
 Metaspace       used 21289K, committed 21504K, reserved 1073152K
  class space    used 2430K, committed 2560K, reserved 1048576K
}
Event: 7.632 GC heap before
{Heap before GC invocations=12 (full 0):
 garbage-first heap   total 119808K, used 100983K [0x00000000c0000000, 0x0000000100000000)
  region size 1024K, 69 young (70656K), 4 survivors (4096K)
 Metaspace       used 21830K, committed 22016K, reserved 1073152K
  class space    used 2472K, committed 2560K, reserved 1048576K
}
Event: 7.651 GC heap after
{Heap after GC invocations=13 (full 0):
 garbage-first heap   total 119808K, used 42363K [0x00000000c0000000, 0x0000000100000000)
  region size 1024K, 9 young (9216K), 9 survivors (9216K)
 Metaspace       used 21830K, committed 22016K, reserved 1073152K
  class space    used 2472K, committed 2560K, reserved 1048576K
}
Event: 7.658 GC heap before
{Heap before GC invocations=13 (full 0):
 garbage-first heap   total 119808K, used 43387K [0x00000000c0000000, 0x0000000100000000)
  region size 1024K, 10 young (10240K), 9 survivors (9216K)
 Metaspace       used 21830K, committed 22016K, reserved 1073152K
  class space    used 2472K, committed 2560K, reserved 1048576K
}
Event: 7.678 GC heap after
{Heap after GC invocations=14 (full 0):
 garbage-first heap   total 119808K, used 42896K [0x00000000c0000000, 0x0000000100000000)
  region size 1024K, 1 young (1024K), 1 survivors (1024K)
 Metaspace       used 21830K, committed 22016K, reserved 1073152K
  class space    used 2472K, committed 2560K, reserved 1048576K
}
Event: 7.963 GC heap before
{Heap before GC invocations=14 (full 0):
 garbage-first heap   total 119808K, used 91024K [0x00000000c0000000, 0x0000000100000000)
  region size 1024K, 48 young (49152K), 1 survivors (1024K)
 Metaspace       used 21896K, committed 22144K, reserved 1073152K
  class space    used 2473K, committed 2560K, reserved 1048576K
}
Event: 7.984 GC heap after
{Heap after GC invocations=15 (full 0):
 garbage-first heap   total 119808K, used 48011K [0x00000000c0000000, 0x0000000100000000)
  region size 1024K, 6 young (6144K), 6 survivors (6144K)
 Metaspace       used 21896K, committed 22144K, reserved 1073152K
  class space    used 2473K, committed 2560K, reserved 1048576K
}
Event: 8.191 GC heap before
{Heap before GC invocations=15 (full 0):
 garbage-first heap   total 119808K, used 91019K [0x00000000c0000000, 0x0000000100000000)
  region size 1024K, 48 young (49152K), 6 survivors (6144K)
 Metaspace       used 22008K, committed 22272K, reserved 1073152K
  class space    used 2488K, committed 2624K, reserved 1048576K
}
Event: 8.233 GC heap after
{Heap after GC invocations=16 (full 0):
 garbage-first heap   total 119808K, used 55437K [0x00000000c0000000, 0x0000000100000000)
  region size 1024K, 6 young (6144K), 6 survivors (6144K)
 Metaspace       used 22008K, committed 22272K, reserved 1073152K
  class space    used 2488K, committed 2624K, reserved 1048576K
}
Event: 8.521 GC heap before
{Heap before GC invocations=16 (full 0):
 garbage-first heap   total 119808K, used 91277K [0x00000000c0000000, 0x0000000100000000)
  region size 1024K, 41 young (41984K), 6 survivors (6144K)
 Metaspace       used 22434K, committed 22592K, reserved 1073152K
  class space    used 2527K, committed 2624K, reserved 1048576K
}

